0 round of counting
19144
13022
5187
4898
6815
6815
5906
17035
14938
25954
23577
2160800310
21040
27851
94397
655798
831604
307159
527198
624991
2160798185
2160800607
2160798251
2160798106
13797369
4205643
10414561
11878434
65116
2732335
1 round of counting
12960
10654
6446
6059
7428
7179
6562
16247
13971
23019
20914
2145928361
25190
24700
80732
605208
778651
286889
481935
580655
2146727084
2145923709
2145638848
2146537322
13921036
3882757
10250909
12004968
55367
2598051
2 round of counting
266
271
154
126
128
127
123
157
146
165
169
2587
323
201
233
342
214
321
297
245
1831
3530
1527
2017
379
365
340
357
253
209
3 round of counting
314
288
160
134
131
130
129
164
150
164
164
2544
411
203
205
233
279
329
309
188
1350
1062
1230
2007
486
339
322
334
260
195
4 round of counting
22
4
1
0
0
0
0
0
0
0
0
130
201
5
5
1
1
1
0
1
89
112
166
68
32
3
1
1
3
1
5 round of counting
405
372
218
213
219
197
193
253
241
263
243
19380801
517
297
306
386
363
365
424
347
19376132
19379774
19381258
19379212
4062
2742
2440
3242
418
586
6 round of counting
3849
3263
2329
2213
2925
2875
2550
6663
5930
9100
8675
520185879
8707
9841
28550
168027
210773
89150
136280
163012
521226355
520805735
520073782
521523502
3319759
1229532
2462353
2829829
22117
661760
7 round of counting
23
6
0
0
0
0
0
1
0
0
0
75
38
1
1
0
2
1
0
0
83
155
443
143
48
26
13
15
22
7
8 round of counting
114
98
80
69
67
103
83
82
77
96
83
19372670
127
89
103
161
165
153
213
154
19373443
19374013
19373678
19373387
2302
2339
1857
2237
143
408
9 round of counting
125
84
56
55
54
54
53
70
62
80
66
19377659
125
70
97
156
176
174
162
149
19376768
19380092
19375124
19373835
2309
2422
2420
2368
137
372
10 round of counting
0
0
0
0
0
0
0
0
0
0
0
0
0
0
0
0
0
0
0
0
7
9
30
379
2
3
1
1
5
0
11 round of counting
5093
4587
2904
2662
3322
3275
2845
6504
5730
8325
8128
453374198
8814
8874
24307
146809
186729
81804
118788
142004
417636998
403575945
403133967
403111188
3279734
1149223
2313029
2800646
18571
605971
12 round of counting
4927
4369
2884
2613
3413
3249
3004
6525
5633
8322
8421
438518909
9370
8907
24201
147106
187025
81442
118842
141730
453346727
453420630
453361842
453111349
3285394
1177658
2315873
2812629
19158
609919
13 round of counting
270
254
163
167
138
165
139
184
150
185
170
768
371
189
174
190
214
231
188
194
604
681
580
648
388
289
271
278
258
193
14 round of counting
8660
7753
5405
5061
6611
6486
5879
14700
12671
19498
18507
1058203018
19522
20903
60273
359193
449165
195031
291983
341884
1058418767
1058011227
1057619351
1058067445
7411244
2700730
5377042
6335147
44703
1440565
15 round of counting
9067
7874
5365
4998
6606
6542
5776
14667
12570
19371
18619
1058917794
18576
20644
60124
359481
453760
195282
292156
345590
1058903905
1059486273
1058615331
1058574308
7470737
2748118
5387261
6350493
45082
1444149
16 round of counting
425
348
214
217
203
201
203
233
222
261
249
1023203
468
347
291
346
340
319
309
409
1021762
1022478
1022643
1022985
1759
1728
1689
1686
396
492
17 round of counting
3842
3430
2508
2334
3307
3253
2813
7876
7038
11115
10452
604593872
9816
11931
35999
212927
266430
113882
174412
203120
604699600
604569571
604460200
604455512
4139323
1541261
3060442
3540838
26243
836794
18 round of counting
3913
3488
2537
2356
3359
3270
2852
7918
7049
11127
10447
605542361
9728
11877
35920
212756
266886
113027
173362
203819
605666548
605653441
605401054
605505056
4168427
1547225
3068584
3551752
26500
838158
19 round of counting
117
93
70
65
65
64
65
77
73
83
70
1029027
124
89
118
160
141
121
119
137
1027803
1026971
1028476
1028113
1390
1547
1491
1381
123
268
20 round of counting
4
0
0
0
0
0
0
0
0
0
0
59
2
0
0
0
0
0
0
0
1
0
76
106
25
0
0
0
0
0
21 round of counting
10
1
0
0
0
0
0
0
0
0
0
22
38
0
0
0
0
0
0
1
23
53
63
38
0
0
0
0
0
0
22 round of counting
13
1
0
0
0
0
0
0
0
0
0
61
2
0
0
0
0
0
0
0
2
6
10
13
3
0
0
0
0
0
23 round of counting
5452
4346
2600
2145
2085
2050
2161
2866
2392
2568
2737
1666165
9820
2959
3250
3947
3760
6400
5110
4094
1412071
1482683
1343946
1387266
175862
97963
51112
111542
4923
12578
24 round of counting
0
0
0
0
0
0
0
0
0
0
0
900
0
0
0
0
0
0
1
0
899
899
898
899
6
1
5
5
0
1
25 round of counting
969
895
679
670
903
903
779
2044
1861
2805
2710
101362601
2550
2989
8379
42926
52335
26870
35546
40737
101362255
101362515
101362207
101362191
789120
370235
551575
664023
6341
157773
26 round of counting
108
88
53
39
46
47
38
100
76
83
97
21428
158
86
123
238
261
710
204
233
21037
21060
12923
11156
19154
9867
5203
15110
107
821
27 round of counting
1805
1610
1221
1192
1636
1636
1467
3915
3501
5669
5261
352678673
4870
6087
19354
119225
148621
62636
96894
113023
352677919
352678563
352677883
352677834
2407503
873746
1769972
2057117
14177
478531
28 round of counting
40
8
4
0
16
16
4
230
106
658
370
199995018
266
730
4226
46758
61882
16170
36398
44942
199995018
199995018
199995018
199995018
1159986
223810
897946
1008022
2178
218610
29 round of counting
1655
1342
1012
1001
1512
1543
1153
4946
3915
8651
7100
1438340020
6461
9733
41380
372391
484576
154308
293593
356476
1438375515
1438460645
1438286240
1438484970
8852589
2054102
6653431
7668373
23855
1656262
30 round of counting
0
0
0
0
0
0
0
0
0
0
0
0
0
0
0
0
0
0
0
0
0
0
0
0
0
0
0
0
0
0
31 round of counting
0
0
0
0
0
0
0
0
0
0
0
0
0
0
0
0
0
0
0
0
0
0
0
0
0
0
0
0
0
0
32 round of counting
10
2
1
0
4
4
1
49
25
153
81
49995000
56
171
1035
11628
15400
3985
9045
11175
49995000
49995000
49995000
49995000
289468
55289
224216
251596
528
54522
33 round of counting
10
2
1
0
4
4
1
49
25
153
81
49995000
56
171
1035
11628
15400
3985
9045
11175
49995000
49995000
49995000
49995000
289468
55289
224216
251596
528
54522
34 round of counting
10
2
1
0
4
4
1
49
25
153
81
49995000
56
171
1035
11628
15400
3985
9045
11175
49995000
49995000
49995000
49995000
289468
55289
224216
251596
528
54522
35 round of counting
0
0
0
0
0
0
0
0
0
0
0
0
0
0
0
0
0
0
0
0
0
0
0
0
0
0
0
0
0
0
36 round of counting
10
2
1
0
4
4
1
49
25
153
81
49995000
56
171
1035
11628
15400
3985
9045
11175
49995000
49995000
49995000
49995000
289468
55289
224216
251596
528
54522
