0 round of counting
191
191
191
191
191
191
191
191
191
191
191
191
191
191
191
191
191
191
191
191
191
191
191
191
191
191
191
191
191
191
191
191
191
191
191
191
191
191
191
191
191
191
191
191
191
191
191
191
191
191
191
191
191
191
191
191
191
191
191
191
191
191
191
191
191
191
191
191
191
191
191
191
191
191
191
191
191
191
191
191
191
191
191
191
191
191
191
191
191
191
191
191
191
191
191
191
191
191
191
191
191
1 round of counting
416
424
454
425
443
473
413
439
386
462
496
431
449
402
444
424
436
412
451
441
419
428
438
445
397
440
433
448
428
462
472
426
435
464
440
462
449
463
469
441
430
426
466
445
476
447
430
462
468
426
436
474
444
467
493
413
434
451
433
489
447
403
392
386
426
419
435
431
431
437
449
460
405
418
409
417
428
427
465
437
439
449
444
445
439
412
462
409
475
447
442
476
417
441
448
398
422
464
446
439
405
2 round of counting
1
1
1
2
2
2
2
1
3
2
2
1
3
2
2
2
2
2
2
2
3
1
2
2
2
1
2
2
3
2
2
2
3
3
2
2
1
2
3
2
2
3
3
2
2
2
2
2
2
3
2
1
3
2
3
2
3
2
2
1
2
2
2
1
1
3
2
2
3
2
2
2
3
3
2
2
3
3
2
3
3
3
2
2
3
2
2
3
3
3
2
3
3
3
3
1
1
3
3
3
3
3 round of counting
2
2
2
2
2
2
2
2
1
1
1
2
2
2
3
1
2
2
2
2
3
2
2
2
2
3
1
1
2
3
2
2
2
2
2
2
1
3
2
2
3
3
2
3
5
2
2
1
2
2
2
4
2
4
2
1
2
2
1
1
2
2
1
2
3
1
2
3
1
1
1
0
1
1
1
1
2
3
2
2
2
3
3
2
2
2
3
3
1
2
2
2
2
2
2
1
3
1
2
3
1
4 round of counting
0
0
0
0
0
0
0
0
0
0
0
0
0
0
0
0
0
0
0
0
0
0
0
0
0
0
0
0
0
0
0
0
0
0
0
0
0
0
0
0
0
0
0
0
0
0
0
0
0
0
0
0
0
0
0
0
0
0
0
0
0
0
0
0
0
0
0
0
0
0
0
0
0
0
0
0
0
0
0
0
0
0
0
0
0
0
0
0
0
0
0
0
0
0
0
0
0
0
0
0
0
5 round of counting
8
8
8
10
10
10
23
9
10
10
13
9
9
8
9
9
8
7
9
9
9
9
7
7
10
7
7
9
8
9
9
8
8
8
6
8
8
6
8
8
7
6
8
6
7
8
8
8
8
6
8
8
9
8
6
8
8
9
8
9
8
6
6
9
8
7
6
7
7
6
8
7
7
8
7
7
6
9
8
8
8
9
9
8
6
6
6
6
9
7
8
9
8
8
9
7
6
7
6
8
7
6 round of counting
104
101
102
111
108
110
108
103
112
104
107
107
116
107
106
108
111
108
117
109
104
100
105
101
107
104
104
96
96
103
106
109
99
100
98
103
105
107
107
101
98
103
107
99
101
119
102
105
110
108
101
102
100
104
100
98
99
100
101
96
101
103
97
103
95
103
96
104
99
105
102
106
108
106
98
99
104
98
99
102
106
100
99
101
102
102
107
104
107
97
107
102
103
102
98
102
99
106
105
99
100
7 round of counting
0
0
0
0
0
0
0
0
0
0
0
0
0
0
0
0
0
0
0
0
0
0
0
0
0
0
0
0
0
0
0
0
0
0
0
0
0
0
0
0
0
0
0
0
0
0
0
0
0
0
0
0
0
0
0
0
0
0
0
0
0
0
0
0
0
0
0
0
0
0
0
0
0
0
0
0
0
0
0
0
0
0
0
0
0
0
0
0
0
0
0
0
0
0
0
0
0
0
0
0
0
8 round of counting
7
5
5
5
6
5
6
7
5
7
7
5
6
6
6
7
6
6
7
8
8
8
6
8
8
8
8
8
8
8
6
6
8
8
6
7
8
8
7
8
6
6
6
8
8
7
8
8
8
6
8
8
8
8
8
8
8
8
6
8
6
7
7
8
8
8
7
7
8
7
7
7
6
7
7
8
6
7
6
7
6
8
6
7
6
8
8
8
8
8
7
7
8
8
8
8
8
8
8
6
8
9 round of counting
1
1
1
3
1
3
1
3
1
1
2
1
2
2
2
3
2
1
2
3
3
3
1
3
1
1
2
3
4
1
1
2
1
1
1
2
2
3
2
1
1
1
3
3
1
1
12
2
3
3
4
2
1
1
2
1
3
1
1
1
3
3
3
2
1
2
1
1
3
3
2
2
1
3
2
1
2
3
1
3
3
2
3
1
3
1
2
3
2
1
1
3
1
2
3
1
3
3
3
3
1
10 round of counting
0
0
0
0
0
0
0
0
0
0
0
0
0
0
0
0
0
0
0
0
0
0
0
0
0
0
0
0
0
0
0
0
0
0
0
0
0
0
0
0
0
0
0
0
0
0
0
0
0
0
0
0
0
0
0
0
0
0
0
0
0
0
0
0
0
0
0
0
0
0
0
0
0
0
0
0
0
0
0
0
0
0
0
0
0
0
0
0
0
0
0
0
0
0
0
0
0
0
0
0
0
11 round of counting
80
80
80
80
80
80
80
80
80
80
80
80
80
80
80
80
80
80
80
80
80
80
80
80
80
80
80
181
77
80
80
80
80
80
80
80
80
80
80
80
80
80
82
82
82
80
80
80
80
80
80
80
80
80
80
80
80
80
80
80
80
80
80
80
80
80
80
80
80
80
80
80
80
80
80
77
77
77
77
80
80
80
80
80
80
80
80
80
80
80
80
80
80
80
80
80
80
80
80
80
80
12 round of counting
77
77
77
77
77
77
77
77
77
77
77
77
77
77
77
77
77
77
77
77
77
77
77
77
77
77
77
77
77
77
77
77
77
77
77
77
77
77
77
77
77
77
77
77
77
77
77
77
77
77
77
77
77
77
77
77
77
136
79
77
77
77
77
77
77
77
77
77
77
77
77
77
77
77
77
106
77
77
77
77
77
77
77
77
77
77
77
77
77
77
77
77
77
77
77
77
77
77
77
77
77
13 round of counting
4
4
4
4
4
4
4
4
4
4
4
4
4
4
4
4
4
4
4
4
4
4
4
4
4
4
4
4
4
4
4
4
4
4
4
4
4
4
4
4
4
4
4
4
4
4
4
4
4
4
4
4
4
4
4
4
4
4
4
4
4
4
4
4
4
4
4
4
4
4
4
4
4
4
4
4
4
4
4
4
4
4
4
4
4
4
4
4
4
4
12
4
4
4
4
4
4
4
4
4
4
14 round of counting
276
277
276
275
276
275
275
278
276
277
276
273
276
277
276
276
277
276
276
273
275
277
276
276
276
277
276
276
274
277
277
276
276
277
276
276
273
275
277
274
277
275
274
273
272
279
272
274
274
272
272
272
274
275
276
275
275
275
274
273
276
273
274
277
277
277
276
275
273
275
273
274
275
275
277
274
275
273
276
275
276
277
276
275
275
273
275
277
274
277
275
276
275
277
274
273
276
277
277
273
275
15 round of counting
214
213
213
214
214
214
213
213
214
214
213
213
214
214
214
214
213
214
214
213
214
214
214
214
214
214
214
214
214
214
214
212
213
230
213
213
213
230
213
230
213
230
213
214
214
214
211
213
214
214
213
214
214
213
214
213
214
213
213
213
211
210
210
211
210
210
210
211
210
211
211
210
211
210
211
211
211
210
211
210
210
210
210
222
211
210
210
211
211
210
210
210
210
211
210
211
211
211
211
211
211
16 round of counting
7
8
7
7
7
7
7
7
7
7
7
7
7
10
10
7
10
7
7
7
7
8
7
7
7
7
7
7
7
7
7
7
7
7
7
7
7
7
7
7
7
7
7
7
7
7
7
7
7
7
7
10
7
7
7
7
7
7
10
7
7
7
7
7
8
7
7
7
7
7
7
7
7
7
7
7
7
7
7
8
7
7
7
7
7
7
7
7
7
7
7
10
7
7
9
7
7
7
7
7
7
17 round of counting
110
110
110
110
110
110
110
110
110
110
110
110
110
110
110
110
110
110
110
110
110
110
110
110
110
110
110
110
110
110
110
110
110
110
110
110
110
110
111
110
110
110
110
110
110
110
110
110
110
110
110
110
110
110
110
110
110
110
110
110
110
110
110
110
110
110
110
110
110
110
110
110
110
110
110
110
110
110
110
110
110
110
110
110
110
110
110
110
110
109
110
110
110
110
110
110
110
110
110
140
110
18 round of counting
97
97
97
97
97
97
97
97
97
97
97
97
97
97
97
97
97
97
97
97
97
97
97
97
97
97
97
97
97
97
97
97
97
97
97
97
97
97
97
97
97
97
97
97
97
97
97
97
97
97
97
97
97
97
97
97
97
97
97
97
97
97
97
97
97
97
97
97
97
97
97
97
97
97
97
97
97
97
97
97
97
97
97
97
97
97
97
97
97
97
97
97
97
97
97
97
97
97
97
97
97
19 round of counting
4
3
2
4
4
4
3
4
2
3
2
3
3
2
3
4
2
2
3
4
2
4
2
4
4
4
2
4
4
3
3
2
4
4
3
3
2
4
2
2
4
2
3
4
4
3
4
4
2
2
3
4
4
2
4
3
4
4
2
2
4
2
4
3
3
4
4
2
3
2
4
2
4
3
4
4
2
3
4
4
2
4
4
4
2
2
2
4
2
4
4
3
3
4
4
3
3
3
4
3
4
20 round of counting
0
0
0
0
0
0
0
0
0
0
0
0
0
0
0
0
0
0
0
0
0
0
0
0
0
0
0
0
0
0
0
0
0
0
0
0
0
0
0
0
0
0
0
0
0
0
0
0
0
0
0
0
0
0
0
0
0
0
0
0
0
0
0
0
0
0
0
0
0
0
0
0
0
0
0
0
0
0
0
0
0
0
0
0
0
0
0
0
0
0
0
0
0
0
0
0
0
0
0
0
0
21 round of counting
0
0
0
0
0
0
0
0
0
0
0
0
0
0
0
0
0
0
0
0
0
0
0
0
0
0
0
0
0
0
0
0
0
0
0
0
0
0
0
0
0
0
0
0
0
0
0
0
0
0
0
0
0
0
0
0
0
0
0
0
0
0
0
0
0
0
0
0
0
0
0
0
0
0
0
0
0
0
0
0
0
0
0
0
0
0
0
0
0
0
0
0
0
0
0
0
0
0
0
0
0
22 round of counting
0
0
0
0
0
0
0
0
0
0
0
0
0
0
0
0
0
0
0
0
0
0
0
0
0
0
0
0
0
0
0
0
0
0
0
0
0
0
0
0
0
0
0
0
0
0
0
0
0
0
0
0
0
0
0
0
0
0
0
0
0
0
0
0
0
0
0
0
0
0
0
0
0
0
0
0
0
0
0
0
0
0
0
0
0
0
0
0
0
0
0
0
0
0
0
0
0
0
0
0
0
23 round of counting
239
217
215
236
224
217
255
238
215
228
228
218
220
216
255
259
224
234
217
238
238
236
244
238
232
216
226
230
236
235
214
234
225
240
239
216
236
253
236
248
229
235
246
237
256
216
224
228
228
259
219
228
220
228
219
255
230
250
238
230
228
230
216
236
216
235
242
243
234
235
228
247
236
217
231
236
216
241
250
244
236
236
225
257
226
216
242
215
236
216
238
277
228
214
220
225
216
237
238
245
234
24 round of counting
0
0
0
0
0
0
0
0
0
0
0
0
0
0
0
0
0
0
0
0
0
0
0
0
0
0
0
0
0
0
0
0
0
0
0
0
0
0
0
0
0
0
0
0
0
0
0
0
0
0
0
0
0
0
0
0
0
0
0
0
0
0
0
0
0
0
0
0
0
0
0
0
0
0
0
0
0
0
0
0
0
0
0
0
0
0
0
0
0
0
0
0
0
0
0
0
0
0
0
0
0
25 round of counting
37
37
37
37
37
37
37
37
37
37
37
37
37
37
37
37
37
37
37
37
37
37
37
37
37
37
37
37
37
37
37
37
37
37
37
37
37
37
37
37
37
37
37
37
37
37
37
37
37
37
37
37
37
37
37
37
37
37
37
37
37
37
37
37
37
37
37
37
37
37
37
37
37
37
37
37
37
37
37
37
37
37
37
37
37
37
37
37
37
37
37
37
37
37
37
37
37
37
37
37
37
26 round of counting
5
5
5
5
5
5
5
5
5
5
5
5
5
5
5
5
5
5
5
5
5
5
5
5
5
5
5
5
5
5
5
5
5
5
5
5
5
5
5
5
5
5
5
5
5
5
5
5
5
5
5
5
5
5
5
5
5
5
5
5
5
5
5
5
5
5
5
5
5
5
5
5
5
5
5
5
5
5
5
5
5
5
5
5
5
5
5
5
5
5
5
5
5
5
5
5
5
5
5
5
5
27 round of counting
55
55
55
55
55
55
55
55
55
55
55
55
55
55
55
55
55
55
55
55
55
55
55
55
55
55
55
55
55
55
55
55
55
55
55
55
55
55
55
55
55
55
55
55
55
55
55
55
55
55
55
55
55
55
55
55
55
55
55
55
55
55
55
55
55
55
55
55
55
55
55
55
55
55
55
55
55
55
55
55
55
55
55
55
55
55
55
55
55
55
55
55
55
55
55
55
55
55
55
55
55
28 round of counting
0
0
0
0
0
0
0
0
0
0
0
0
0
0
0
0
0
0
0
0
0
0
0
0
0
0
0
0
0
0
0
0
0
0
0
0
0
0
0
0
0
0
0
0
0
0
0
0
0
0
0
0
0
0
0
0
0
0
0
0
0
0
0
0
0
0
0
0
0
0
0
0
0
0
0
0
0
0
0
0
0
0
0
0
0
0
0
0
0
0
0
0
0
0
0
0
0
0
0
0
0
29 round of counting
74
66
51
77
63
84
45
57
100
92
48
45
62
50
57
47
49
31
53
65
49
40
47
57
68
85
46
47
79
91
50
54
69
45
46
62
54
73
92
56
81
54
86
57
78
65
66
66
63
45
41
57
46
45
58
66
57
67
79
50
65
50
65
84
57
71
70
94
49
57
77
64
67
39
45
74
77
72
100
46
45
64
64
66
77
73
63
66
40
81
74
82
79
39
65
45
51
66
84
50
67
30 round of counting
0
0
0
0
0
0
0
0
0
0
0
0
0
0
0
0
0
0
0
0
0
0
0
0
0
0
0
0
0
0
0
0
0
0
0
0
0
0
0
0
0
0
0
0
0
0
0
0
0
0
0
0
0
0
0
0
0
0
0
0
0
0
0
0
0
0
0
0
0
0
0
0
0
0
0
0
0
0
0
0
0
0
0
0
0
0
0
0
0
0
0
0
0
0
0
0
0
0
0
0
0
31 round of counting
0
0
0
0
0
0
0
0
0
0
0
0
0
0
0
0
0
0
0
0
0
0
0
0
0
0
0
0
0
0
0
0
0
0
0
0
0
0
0
0
0
0
0
0
0
0
0
0
0
0
0
0
0
0
0
0
0
0
0
0
0
0
0
0
0
0
0
0
0
0
0
0
0
0
0
0
0
0
0
0
0
0
0
0
0
0
0
0
0
0
0
0
0
0
0
0
0
0
0
0
0
32 round of counting
0
0
0
0
0
0
0
0
0
0
0
0
0
0
0
0
0
0
0
0
0
0
0
0
0
0
0
0
0
0
0
0
0
0
0
0
0
0
0
0
0
0
0
0
0
0
0
0
0
0
0
0
0
0
0
0
0
0
0
0
0
0
0
0
0
0
0
0
0
0
0
0
0
0
0
0
0
0
0
0
0
0
0
0
0
0
0
0
0
0
0
0
0
0
0
0
0
0
0
0
0
33 round of counting
0
0
0
0
0
0
0
0
0
0
0
0
0
0
0
0
0
0
0
0
0
0
0
0
0
0
0
0
0
0
0
0
0
0
0
0
0
0
0
0
0
0
0
0
0
0
0
0
0
0
0
0
0
0
0
0
0
0
0
0
0
0
0
0
0
0
0
0
0
0
0
0
0
0
0
0
0
0
0
0
0
0
0
0
0
0
0
0
0
0
0
0
0
0
0
0
0
0
0
0
0
34 round of counting
0
0
0
0
0
0
0
0
0
0
0
0
0
0
0
0
0
0
0
0
0
0
0
0
0
0
0
0
0
0
0
0
0
0
0
0
0
0
0
0
0
0
0
0
0
0
0
0
0
0
0
0
0
0
0
0
0
0
0
0
0
0
0
0
0
0
0
0
0
0
0
0
0
0
0
0
0
0
0
0
0
0
0
0
0
0
0
0
0
0
0
0
0
0
0
0
0
0
0
0
0
35 round of counting
0
0
0
0
0
0
0
0
0
0
0
0
0
0
0
0
0
0
0
0
0
0
0
0
0
0
0
0
0
0
0
0
0
0
0
0
0
0
0
0
0
0
0
0
0
0
0
0
0
0
0
0
0
0
0
0
0
0
0
0
0
0
0
0
0
0
0
0
0
0
0
0
0
0
0
0
0
0
0
0
0
0
0
0
0
0
0
0
0
0
0
0
0
0
0
0
0
0
0
0
0
36 round of counting
0
0
0
0
0
0
0
0
0
0
0
0
0
0
0
0
0
0
0
0
0
0
0
0
0
0
0
0
0
0
0
0
0
0
0
0
0
0
0
0
0
0
0
0
0
0
0
0
0
0
0
0
0
0
0
0
0
0
0
0
0
0
0
0
0
0
0
0
0
0
0
0
0
0
0
0
0
0
0
0
0
0
0
0
0
0
0
0
0
0
0
0
0
0
0
0
0
0
0
0
0
