0 round of counting
23025045
29014247
29003881
29003701
29004664
29004712
29006823
547622931
533619212
533619211
29013967
29059206
29091253
30795382
39646160
29787651
29029451
29084126
29862137
35013611
544016716
1077750541
613332551
302902423
405137344
256397440
142385215
271554270
156285260
489559674
373694684
542190124
123253597
560051569
560052043
565339352
573686377
543623049
543619208
543619208
1078503902
1149533773
720853755
1 round of counting
24057296
36362478
36225765
36245233
36148635
36098047
36120857
385482227
363833389
363038266
36351790
36351038
36370349
37438659
44332742
37480981
36386749
36923652
36847527
40682125
376466744
1036965839
623233573
220252573
291921524
191684772
112742302
201509136
121874700
344860626
270126882
386669645
100421972
394031238
390520657
393685289
401014916
381000642
381278854
381101101
672125865
726796471
503466864
2 round of counting
219
145
88
79
105
91
100
114027
187378
225026
190
503
721
11036
36706
164
295
725
6496
26912
125220
4334322
89454
28838
100951
81530
14578
36815
99803
474308
175141
161233
11617
448336
387306
749607
843354
239387
84244
119117
3199933
3312230
113567
3 round of counting
665
773
631
635
691
653
689
165326
365914
362159
991
1187
1368
11175
52383
844
962
1476
6602
32490
167617
4938192
382006
181360
345287
116915
22006
13078
19998
154310
142383
210946
4006
247284
463067
724872
692565
124047
148735
154988
3414214
3198164
467828
4 round of counting
424
635
556
555
580
563
563
1842
1619
1476
624
635
642
680
708
731
611
666
647
692
1538
10876
4449
1401
1524
1273
992
1433
901
1939
1476
1880
912
2138
2132
2303
2057
1656
1508
1479
4305
3374
2331
5 round of counting
4948
4672
4687
4742
4620
4714
4698
259522
296945
298401
4753
5162
5364
19087
105237
28505
4910
5397
12873
59899
372248
5215163
427370
216042
303595
205058
80111
183019
107667
394654
326723
425014
84264
786428
1063532
910305
1390022
250407
215786
218967
4397591
3911260
2848017
6 round of counting
13930452
21132745
21596889
21417828
21341363
21552153
21630747
212082432
208466337
210422251
21454700
21300854
21490859
21892264
25408126
22108623
21415269
21312151
21793900
23286473
212222296
412431312
263914647
125118087
161573751
105672847
63107662
111409331
69500110
197135789
152837317
216341799
57222579
224215599
224894120
226518042
227715752
211839623
212336002
212468284
380959870
409757981
270632935
7 round of counting
69238
203817
199209
201221
200354
169907
195275
363566
337439
349031
169960
197017
189919
211845
194813
187999
174868
190746
180993
194009
376396
3204084
1945458
323365
366337
318224
241607
318127
231557
456957
319390
423399
233425
492314
455344
516965
460070
352161
366704
381955
358380
130008
176607
8 round of counting
686280
913615
923790
920448
942164
942017
921931
1475307
1383873
1365406
971814
923874
956805
961566
991070
950733
924128
946771
936955
956934
1412798
2488922
2955367
1171826
1254035
1147289
1035244
1195375
1060237
1359292
1232428
1396095
1061703
1412367
1462265
1477906
1457294
1430396
1438749
1412757
2825838
3155034
3445690
9 round of counting
754925
1130117
1130095
1130062
1130065
1130024
1130047
1846402
1711021
1712539
1130079
1130077
1130232
1137568
1182936
1159395
1130130
1130204
1132448
1153367
1788916
5675781
4936076
1536462
1637626
1468396
1284436
1504638
1308920
1820122
1575570
1808196
1261219
1921822
1914308
1956660
1912034
1775964
1775596
1778536
3146849
3258638
3622752
10 round of counting
68973
190569
204755
208701
175358
176259
163331
333905
365266
368580
182572
195086
184020
210491
181791
170026
174600
185655
200354
191735
369670
3188545
1964824
347640
399329
308411
204162
312600
230943
435349
320948
432796
224412
472140
482104
525673
456910
365266
358525
374060
320674
116114
189285
11 round of counting
6027670
8045796
8039723
8037010
8035106
8038918
8029527
134440955
130778247
131623271
8038275
8061253
8062232
8519333
11089882
8301816
8042718
8068112
8294268
9797535
134858623
294877834
163561898
75420679
100380351
63963013
36063172
67893003
39885707
121325608
92725366
134607592
31210375
144533412
144092848
146875234
151008388
134866527
134450740
134520367
278893039
305210901
178161855
12 round of counting
6031012
8048383
8036524
8049512
8030591
8027889
8033233
134539065
130637624
130719748
8029077
8039942
8048617
8499665
10863410
8305672
8043995
8061201
8287774
9780195
134226461
295369591
162905388
75404236
100386995
63938776
35908055
67922193
39846990
121584613
92344886
133450310
31126970
143228878
143308898
145861200
149177059
133884968
133994148
133698971
278538916
304641196
176711679
13 round of counting
570
629
523
486
533
518
568
6489
6015
8391
745
603
581
694
928
648
574
664
621
764
6239
45840
16222
4407
5238
3954
2112
4163
2571
6975
5198
10362
2442
8403
8139
9006
8800
6336
9366
6589
31292
54217
32973
14 round of counting
12754457
15381273
15381853
15384690
15374787
15402488
15377530
390195662
384318409
384442056
15383213
15426913
15439056
16640642
23127546
15972860
15392671
15438679
16006583
19928756
389051077
749815279
449384373
214194771
288629566
180096978
97361983
191056446
107949982
349581506
265973573
386915421
83605763
406096236
406455533
411535108
419866758
387484260
387716882
388726586
751518634
811160810
499749576
15 round of counting
13038396
16044351
16041437
16037633
16036944
16046437
16039509
390390552
385187144
384197774
16043447
16076876
16099083
17281377
23439806
16646769
16077699
16095987
16665994
20446326
387829606
754776885
453347712
214596132
289959445
180827645
97877882
191451242
108461006
349269149
266302446
387730051
84311256
407114233
407101504
413528818
421238972
388345517
388204776
388210827
737248278
796999543
503241562
16 round of counting
287879
663231
659765
664370
662903
662732
663472
870417
829093
836179
662964
660120
663037
664828
708930
693015
662947
662566
656902
681788
846273
4735696
4140751
801591
828906
779098
696245
796728
731531
914204
803313
955330
704138
985870
974974
999938
980264
836091
834697
832923
1519409
1617500
2355335
17 round of counting
6733047
7354241
7353795
7349680
7350485
7355938
7355984
254464642
251930353
252038175
7355471
7374760
7389769
8117325
12008316
7668014
7367679
7392287
7733190
10033491
253054929
460099826
285649064
138415524
188309218
116320451
61562399
123677967
68276400
227878251
172722091
252595529
52428732
262783036
262270778
264970781
268242962
253416944
252944499
252859359
460613495
493231151
321728264
18 round of counting
7019320
8017579
8017555
8013005
8014730
8014298
8016636
255622635
252730544
252791455
8017071
8035978
8049222
8779345
12586112
8362570
8026794
8058548
8393755
10673044
254263983
463937198
290034806
139216190
189139357
116973586
62164443
124404712
69057777
229127836
173569064
253641198
53103877
263347003
263526352
266043695
269822294
253900953
254190843
253701633
462061832
495379645
324002152
19 round of counting
287142
661218
661551
659547
657742
661231
659826
830130
822308
824027
659688
660511
657777
666205
710879
689451
662063
661576
663305
680238
837844
4684788
4118921
794099
817165
772628
690638
784204
726985
903747
796672
945083
703734
971298
963748
991485
977728
828453
828076
824410
1500430
1568971
2328559
20 round of counting
417
87
102
199
82
74
65
4890
5246
4960
793
87
71
103
232
176
88
83
88
120
4274
863452
1284495
3013
4124
2613
1980
2212
1875
5412
3585
5347
1398
6446
6766
7229
5862
6630
6185
6149
14924
20096
84609
21 round of counting
2
1
0
0
0
0
0
0
0
0
0
0
0
0
0
7
0
0
10
1
0
0
56
11
7
0
0
0
1
0
0
0
0
4
6
2
0
0
0
0
8
51
74
22 round of counting
401
99
75
75
75
67
70
5052
4965
4964
790
84
82
116
219
173
95
86
76
114
4270
863861
1285649
3027
4121
2642
1988
2202
1879
5491
3458
5339
1381
6447
6856
7165
6174
6276
6196
6134
14935
20188
85209
23 round of counting
58489
7761156
7473142
7683216
7653687
7760599
7594945
8621757
8046260
8179427
7710104
7541738
7730248
7638286
7780491
7792553
7665620
7604535
7701334
7774245
8140723
21402188
11520608
7962424
8039098
7746307
7630858
7976962
8135187
8676501
8011462
8183752
7694888
10749880
10484715
11257186
11951041
8219357
8353511
8024271
17888990
22210510
7567888
24 round of counting
11
15
15
16
15
15
16
161
153
160
15
15
15
16
18
16
15
16
15
18
160
435
261
92
122
76
47
81
52
144
110
159
41
164
165
165
168
157
157
157
290
315
210
25 round of counting
5001122
7001176
7000520
7000498
7000613
7000616
7000870
72668461
70667930
70667925
7001800
7007522
7011473
7225148
8324824
7081582
7003762
7010653
7108683
7752836
72708912
136321754
79863989
41873662
54711358
35943498
21465702
37876364
23197618
65622162
50814762
72390806
19005376
74394279
74394208
74979326
75996161
72668403
72667929
72667928
136316264
142824325
91019331
26 round of counting
171
177
105
85
99
86
120
4394
3842
3799
165
280
297
2475
14935
3776
367
528
2652
16775
6256
1324637
327436
2966
3189
2409
1078
2583
26443
4463
2930
4577
1523
324066
324192
425728
521066
3997
3804
3830
1049426
1622441
34149
27 round of counting
6002058
8002139
8000922
8000871
8001097
8001107
8001619
126174457
123673871
123673872
8003267
8013925
8021580
8426545
10554356
8211995
8006925
8019817
8205525
9446640
125781042
263330227
144463630
70605039
94074224
59975465
33921309
63426671
37168336
113270184
86868435
125376671
29554989
130182300
130182394
131600729
133971537
125675043
125673875
125673873
263829168
282841287
174047323
28 round of counting
6
6
0
0
0
0
4
1024258
1024258
1024258
8
48
64
1016
5592
6
32
64
512
3312
1024258
500016
1024136
725026
893036
614360
241166
694442
285932
1234628
730098
1023708
206162
1351438
1351438
1482426
1154536
1024258
1024258
1024258
500016
500016
967260
29 round of counting
14393382
14362633
14399917
14458011
14630897
14660949
14697036
149151739
142044217
140351861
14441614
14375596
14449544
14800589
17107202
15148397
14407747
14433498
14585276
15898718
136194224
546629580
329341012
81557956
106244963
70124801
41305332
73761661
44810609
127908692
103158822
147880437
37634789
139997172
139070096
135550845
135957125
135450130
135522189
135774735
205371940
211177813
188796478
30 round of counting
0
0
0
0
0
0
0
0
0
0
0
0
0
0
0
0
0
0
0
0
0
0
0
0
0
0
0
0
0
0
0
0
0
0
0
0
0
0
0
0
0
0
0
31 round of counting
0
0
0
0
0
0
0
0
0
0
0
0
0
0
0
0
0
0
0
0
0
0
0
0
0
0
0
0
0
0
0
0
0
0
0
0
0
0
0
0
0
0
0
32 round of counting
0
0
0
0
0
0
0
0
0
0
0
0
0
0
0
0
0
0
0
0
0
0
0
0
0
0
0
0
0
0
0
0
0
0
0
0
0
0
0
0
0
0
0
33 round of counting
0
0
0
0
0
0
0
0
0
0
0
0
0
0
0
0
0
0
0
0
0
0
0
0
0
0
0
0
0
0
0
0
0
0
0
0
0
0
0
0
0
0
0
34 round of counting
0
0
0
0
0
0
0
0
0
0
0
0
0
0
0
0
0
0
0
0
0
0
0
0
0
0
0
0
0
0
0
0
0
0
0
0
0
0
0
0
0
0
0
35 round of counting
0
0
0
0
0
0
0
0
0
0
0
0
0
0
0
0
0
0
0
0
0
0
0
0
0
0
0
0
0
0
0
0
0
0
0
0
0
0
0
0
0
0
0
36 round of counting
0
0
0
0
0
0
0
0
0
0
0
0
0
0
0
0
0
0
0
0
0
0
0
0
0
0
0
0
0
0
0
0
0
0
0
0
0
0
0
0
0
0
0
