0 round of counting
131746
38010
22967
7384
42652
19031796
925970970
53017835
14339693293
17108673
35422
46575
285208
7627283
10220677
17455720
13934192280
14257271687
228745410
2679403060
1 round of counting
24864338
52882
14767644
25636
56893
16291628
694248689
61226354
16395010451
24345515
47900
51401
232494
13493367
10797869
18584027
15121212642
15693211325
234857746
3175363691
2 round of counting
1069
567
528
179
617
2569
70670
27699
1043576
766
491
574
1175
1687
5219
9223
1050936
1050985
90227
685371
3 round of counting
2019
817
1031
567
722
3912
63230
25802
1165286
1505
672
793
1162
2451
7405
11546
1194972
963151
74714
594700
4 round of counting
754
186
450
360
118
169
88
4677
2812
853
168
30
31
864
320
37
2573
4548
1652
3226
5 round of counting
154476
1005
587910
302
989
55009
2917896
908885
161872397
154268
789
1049
2211
591308
183780
298295
149747656
156141617
2151915
37579055
6 round of counting
7278891
16707
6009911
4657
20781
5235425
240943927
24320029
4992172397
7378660
17138
22793
123935
5963801
4711020
8093942
4701433306
4827465802
82184611
1078467269
7 round of counting
58452
197
31532
423
109
385
857
178436
340021
60549
211
46
94
34546
492
92
28668
153293
95090
46185
8 round of counting
217731
374
657568
151
398
53804
2833946
1400525
161452268
214921
333
475
1526
654894
182626
292165
149988257
157642360
2331644
36776621
9 round of counting
275799
403
688701
225
447
53520
2858094
1574465
161002545
277325
358
442
1496
688353
178546
286981
150242447
158537494
2313328
36967583
10 round of counting
58552
34
35191
53
9
168
169
158232
134521
62944
49
16
82
38981
189
1188
52161
203432
93077
6315
11 round of counting
7019343
19994
3630750
6625
26026
4231820
202933407
16760105
3037720880
7047109
17588
23306
98993
3330715
4027386
6917341
2981137770
3026960314
66643770
693379593
12 round of counting
7049690
21475
3713805
6717
25448
4179868
203344053
16840402
3026020160
7163902
18384
22428
102010
3216916
4055429
6965989
2938411989
3014721738
66162831
693596450
13 round of counting
1476
645
763
439
542
1856
50111
7313
830096
1277
515
452
615
1677
4405
7418
753569
695677
69472
556594
14 round of counting
13597498
37685
7703613
10813
48814
11584164
546257302
39180804
8082551180
14041408
35984
48573
253233
7289146
9206143
15753984
7852042921
8036822082
160832516
1745132770
15 round of counting
14365155
40593
8499095
11182
48513
11793659
548109026
40311561
8237811603
14365127
36763
49232
253930
7907732
9383818
16028024
7995966484
8186874862
163823989
1781799152
16 round of counting
277370
961
689778
646
989
42545
2870970
1186460
159096206
276397
952
980
2275
689778
162835
274511
159595376
155279151
2293244
37205662
17 round of counting
6835613
18148
4080737
3935
23538
7533778
343317215
22459465
5055394971
6767590
18719
25455
151632
3994267
5184954
8851553
4911590830
5024520535
94995591
1050833719
18 round of counting
7022423
18600
4768480
3939
23331
7576761
346262779
23547618
5212761376
7192387
19100
25809
153069
4659752
5334401
9106866
5057778036
5177003227
97750828
1087480298
19 round of counting
275522
406
688268
241
416
41156
2776544
1181641
158125943
274991
381
451
1613
687282
160741
257775
148857515
153540178
2300497
36312937
20 round of counting
1930
5
2889
13
2
11
61
7675
2919
1930
8
0
6
2084
23
5
3130
9216
4658
1459
21 round of counting
0
0
0
0
0
4
61
38
139
19
0
0
0
5
0
0
123
76
2
62
22 round of counting
1937
3
2898
13
0
17
22
7502
6617
1931
8
1
7
2127
22
14
4908
8354
4744
1694
23 round of counting
751337
18015
745404
15208
14193
254000
19858411
5372074
255366572
753534
15960
9622
18162
604999
552111
896640
262055663
269482049
5875716
73472641
24 round of counting
10
0
6
0
0
5
285
25
6732
11
0
0
0
5
5
8
6246
6430
89
1302
25 round of counting
2194660
4500
527577
1042
5500
1349927
60143355
7166527
909763639
2179307
4817
6259
35829
581602
1399776
2467505
883844436
904627972
24410784
258414208
26 round of counting
92954
442
84873
118
631
39711
2288794
153262
32702492
100211
333
477
1355
61452
69682
117273
31445899
32288884
719743
6809321
27 round of counting
4952329
7597
1564769
2086
9623
1941212
78600662
9994456
1146646689
4920859
8403
10739
64550
1651028
1897580
3356887
1114869234
1142982669
35398413
338640515
28 round of counting
1150
312
217
26
351
110511
3732371
2218198
48732927
191
185
382
1188
4667
412105
750726
47300043
48104866
4941144
47540423
29 round of counting
11052531
7073
7737301
3899
8558
5122485
336870652
27936946
11091459978
11549661
9373
11906
66960
8109987
3896871
6800235
9911123165
10226045074
99739400
1940225415
30 round of counting
0
0
0
0
0
0
0
0
0
0
0
0
0
0
0
0
0
0
0
0
31 round of counting
0
0
0
0
0
0
0
0
0
0
0
0
0
0
0
0
0
0
0
0
32 round of counting
0
0
0
0
0
0
0
0
0
0
0
0
0
0
0
0
0
0
0
0
33 round of counting
0
0
0
0
0
0
0
0
0
0
0
0
0
0
0
0
0
0
0
0
34 round of counting
0
0
0
0
0
0
0
0
0
0
0
0
0
0
0
0
0
0
0
0
35 round of counting
0
0
0
0
0
0
0
0
0
0
0
0
0
0
0
0
0
0
0
0
36 round of counting
0
0
0
0
0
0
0
0
0
0
0
0
0
0
0
0
0
0
0
0
