0 round of counting
26345
39034
5491
5401
17510
115304
102368
3287067
6357814
178237
912653
12272542
110050
2557137
11630604
978016228
3951834624
3941413362
3405273831
2195054071
2195084284
2195081479
1008402668
1008938439
1008500369
1008368362
1008652554
1 round of counting
17747
30782
6920
6643
16293
96553
74007
2227886
4127172
123488
579519
7291096
81395
1553257
7017765
498237009
4472994528
4450693836
3783842833
1842349970
1833958252
1820080430
524004860
523449901
523053028
550871039
523877877
2 round of counting
455
329
162
154
183
332
254
584
848
447
546
1276
390
792
1290
7376
114810
105360
98828
52085
51327
54030
22017
26695
15510
23282
22791
3 round of counting
459
295
187
168
176
314
282
665
1159
423
705
2062
410
1056
1826
7532
120939
115840
98637
51309
54689
57263
14250
22480
13426
19216
29023
4 round of counting
124
8
1
2
1
1
4
15
5
1
2
8
0
0
2
13
831
2282
1228
2202
3227
696
491
314
456
26
10
5 round of counting
561
449
268
262
280
681
486
2663
4499
705
1017
16469
676
1686
14040
1503782
19174701
19653872
16079499
8761076
8774224
8771431
1708828
1679770
1673554
1710636
1716645
6 round of counting
5631
12281
2606
2418
6738
37858
33228
884072
1591483
53508
246585
2928742
35944
641143
2813811
202568288
1103211544
1093480906
946028584
578958516
579666789
579179339
213049314
212828167
212012235
212882245
212847422
7 round of counting
34
13
0
0
0
5
2
2
1
2
3
3
0
0
0
9
1014
958
544
183
262
527
39
21
17
21
22
8 round of counting
127
119
90
78
82
122
134
1762
2983
289
285
14939
268
927
12325
1497975
19070274
19552827
15988812
8727811
8721876
8726240
1694123
1663052
1656574
1695781
1696902
9 round of counting
119
118
81
74
81
130
123
1792
3011
246
277
14875
313
846
10720
1497083
19081736
19548101
15986011
8718956
8724731
8719858
1692182
1663208
1657889
1692968
1696455
10 round of counting
1
0
0
0
0
0
0
1
0
1
0
0
1
0
0
16
344
291
155
28
18
206
8
4
3
0
3
11 round of counting
8543
15152
3469
3369
7663
47937
34585
1016386
2047353
58014
275697
3605622
38092
750856
3448920
237955171
2199386592
2191430288
1837377033
855162927
855714001
855403239
254492189
254717978
254301284
254442067
254287128
12 round of counting
8102
15002
3423
3216
7662
47762
34375
1010507
2031405
57343
274380
3548069
38381
745987
3392376
237404848
2202626270
2196418704
1836783373
855728267
855405252
855566063
254125590
255265551
254094444
254029713
254883187
13 round of counting
376
268
191
185
183
294
235
425
622
345
381
747
306
483
710
2978
126171
125216
112898
41531
42274
42406
9313
8875
8454
8277
8420
14 round of counting
13958
31044
5991
5779
15661
100146
79152
2286660
4506441
132588
641475
8225343
85524
1732867
7832055
578138433
3617473870
3594811851
3058538604
1674787261
1672978698
1674379004
608563987
609375700
607693335
608374275
608803925
15 round of counting
14406
31027
5940
5833
15820
99787
79050
2287694
4511232
133011
640386
8234015
86171
1734847
7839428
577647754
3619712518
3598959594
3062053938
1676245675
1675860699
1676029313
608276649
609841641
609200325
608279155
609284220
16 round of counting
602
386
268
232
233
428
328
2093
3620
509
586
8547
511
1390
9752
444263
6265045
6236826
5466275
2581764
2598431
2612084
608857
572772
565701
604258
609635
17 round of counting
6211
15608
2564
2449
8058
51536
44364
1272430
2453846
74480
364912
4584869
47168
987067
4354348
339831179
1413321200
1397858019
1220598868
818561174
818472321
818207028
353713966
354135838
353364257
353589467
353722101
18 round of counting
6124
15599
2549
2501
8128
51838
44475
1273142
2457217
74705
365166
4593700
47585
987514
4362057
340126539
1417711867
1402001770
1224141618
819786203
820351863
820007550
353914408
354856668
354069468
353980071
354515935
19 round of counting
123
100
66
59
62
104
115
1527
2784
202
198
7832
226
901
8890
462737
6082051
6067938
5303530
2514988
2525531
2586004
609595
568314
570875
607942
603519
20 round of counting
1
0
0
0
0
0
0
2
0
0
0
0
0
0
0
12
91254
90172
80171
21904
21978
21988
98
5
2
0
2
21 round of counting
1
0
0
0
0
0
0
0
0
0
0
0
0
0
0
0
8862
8773
8639
2806
2562
2867
108
12
0
3
2
22 round of counting
3
0
0
0
0
0
0
0
0
0
0
0
0
0
0
5
99999
99072
88369
24285
24483
24640
207
17
3
2
4
23 round of counting
6309
4952
2370
2173
2717
10290
5500
86891
188049
8197
23490
227164
6881
52646
223612
2220485
426472067
421973700
351528457
104853089
105109746
105214767
6143964
6058731
5850249
6114140
5949762
24 round of counting
0
0
0
0
0
0
1
0
2
0
1
3
0
0
3
206
1845
1847
1555
745
749
754
219
221
219
219
220
25 round of counting
1543
4084
754
736
2195
13223
11975
345301
659168
20264
99540
1262202
12855
271770
1201108
103322083
681328073
688215815
569450741
297497145
297500633
297500729
91212217
91357963
91169259
91169967
91202464
26 round of counting
210
286
66
49
139
1099
520
13352
29798
817
3255
38089
617
7766
37407
280324
65862068
64898523
53818348
15995015
15987314
15989629
829542
857285
830510
827501
838029
27 round of counting
2638
6691
1325
1280
3741
20982
18581
470174
910245
31275
145563
1667435
20719
373384
1589312
106718999
894451743
897523898
747938508
419749334
419758040
419757199
115437138
115552099
115479449
115430633
115516862
28 round of counting
0
2
0
0
2
2
28
812
1241
69
414
2056
30
962
2058
20276
20320
20318
20308
20328
20300
20308
20320
20310
20300
20304
20332
29 round of counting
1878
5641
848
854
3004
18348
17733
650240
986617
28063
144014
1909235
18620
401274
1902028
147281760
641213454
632778678
558152516
346708380
341881857
344524443
151251421
150804984
150618790
151156428
151320483
30 round of counting
0
0
0
0
0
0
0
0
0
0
0
0
0
0
0
0
0
0
0
0
0
0
0
0
0
0
0
31 round of counting
0
0
0
0
0
0
0
0
0
0
0
0
0
0
0
0
0
0
0
0
0
0
0
0
0
0
0
32 round of counting
0
0
0
0
0
0
0
0
0
0
0
0
0
0
0
0
0
0
0
0
0
0
0
0
0
0
0
33 round of counting
0
0
0
0
0
0
0
0
0
0
0
0
0
0
0
0
0
0
0
0
0
0
0
0
0
0
0
34 round of counting
0
0
0
0
0
0
0
0
0
0
0
0
0
0
0
0
0
0
0
0
0
0
0
0
0
0
0
35 round of counting
0
0
0
0
0
0
0
0
0
0
0
0
0
0
0
0
0
0
0
0
0
0
0
0
0
0
0
36 round of counting
0
0
0
0
0
0
0
0
0
0
0
0
0
0
0
0
0
0
0
0
0
0
0
0
0
0
0
