0 round of counting
588058
799375
374910
191243
178643
2916635
1864632
1377263
4518171
8884895
5424292
10343838
13831079
25968581
17504821
32512462
44954041
30326291
47841469
24173940
7093308
134245246
7938324
146252568
4552001
99825353
8029615
152170749
1554936015
768880275
53740101
75103312
99297079
165880932
409661169
455134930
788928228
1565843276
1485320791
1348711774
1283041596
86986878
91271594
1291743390
1239344892
1298406039
715825769
357500336
1345374367
100325698
1 round of counting
645386
741478
571936
186000
177291
3578359
3349636
2051998
7661014
11968879
9986722
19169068
23018669
42880421
20406602
55418134
78513443
50475664
83471867
41482981
8837592
94627783
10218580
102927093
3783293
51443960
12782531
164171138
3104974063
1487811784
25641845
87689456
49536510
269603604
433797448
751913909
1416082013
3097130596
2927058968
2652676361
2537260771
71049739
110506687
2291790842
2186863413
2482905978
1280934008
670430961
2617447429
52639739
2 round of counting
383
286
266
160
166
239
257
275
276
380
384
373
397
465
341
446
600
741
520
461
346
972
434
1962
386
709
628
477
539
470
622
424
392
361
546
801
714
377
418
435
385
463
1937
874
1223
360
405
309
826
331
3 round of counting
416
362
167
161
165
301
275
255
281
360
373
349
399
411
318
405
663
773
746
407
364
1650
740
377
424
945
398
2362
1231
991
724
410
356
428
929
898
1168
914
1021
963
874
870
397
1332
906
915
880
518
1136
659
4 round of counting
47
13
2
0
0
27
1
0
0
1
5
0
0
45
257
31
34
4
4
0
0
33
14
0
2
1
0
6
60
403
301
34
4
3
34
23
67
325
397
413
311
335
17
47
358
355
355
186
491
519
5 round of counting
525
497
251
231
230
312
407
402
453
537
567
573
611
817
575
1043
1602
1141
1474
925
519
7516
576
10150
537
7434
623
48901
353322
153476
4113
41057
7976
53233
259216
347282
204408
300145
389042
252732
333615
41580
42525
404028
379536
479702
77645
26910
481946
11060
6 round of counting
209843
280463
89999
61584
55187
574722
396982
344481
1062964
1791243
1278942
2581405
3367136
5458617
3087441
6985147
10010766
6376330
10067814
5505432
1436775
27028122
1482893
27155920
1065115
21946397
1657509
32346060
265423318
136203515
18667155
21914427
21855647
35007989
75434743
73026142
116080177
265987085
231173922
227080053
201539799
21953527
26233456
194544408
188863173
193931236
97191523
64726534
207881026
22024012
7 round of counting
50
15
7
0
1
25
0
0
0
5
0
0
1
0
3
1
8
2
0
1
0
4
3
1
6
4
3
2
172
428
31
13
7
4
138
372
227
647
528
492
482
423
12
107
457
446
492
354
201
401
8 round of counting
140
114
86
76
76
113
136
118
177
202
205
235
255
466
215
641
1035
477
1004
385
207
7345
220
8408
167
5882
213
47427
353675
152833
4441
40322
7822
50755
250244
348126
204558
298200
392019
253486
334103
40839
42141
403181
377868
478545
76484
25358
481139
10926
9 round of counting
136
112
77
70
67
110
129
118
168
197
187
212
261
405
193
630
1008
498
976
404
197
5409
208
8615
172
6822
204
47216
353148
152629
4432
39720
7786
52779
260143
346489
204356
298862
390255
253055
333080
41222
42131
402527
381250
478331
76889
25601
482016
10336
10 round of counting
1
0
0
0
0
1
0
0
0
0
20
46
4
2
1
5
1
1
0
0
0
125
1
0
0
0
0
0
74
103
51
2
0
1
50
1
61
92
158
104
97
57
0
81
134
105
53
69
131
58
11 round of counting
173942
236899
99276
31143
33000
770555
685840
519512
1106013
1940657
1940543
4977293
5574821
8971326
5411791
12160563
16910310
12732904
17485836
9215182
2647040
55922394
2734198
59799710
1377593
28310008
2959828
72838332
934279754
444053551
12892209
14122949
28031902
49287551
176330698
168902479
282610221
938516607
726300234
789986230
620051640
30400122
40931195
541986451
524902862
561018459
229049542
98341196
621477858
28071575
12 round of counting
172403
236648
99561
30661
33043
770692
685201
519689
1106807
1940512
1943787
4976554
5571788
8965453
5411992
12155476
16907664
12711564
17443431
9207527
2645148
55863378
2728409
59722551
1375147
28275631
2957669
72819010
934260394
444079836
12838751
14094220
28062044
49189977
176472099
168843399
282647949
938512707
726255488
789877276
620109960
30321560
40893131
542022956
525011152
561028603
229056348
98370943
621376548
28078544
13 round of counting
331
317
174
162
152
221
264
228
268
309
319
274
301
273
282
270
333
363
328
326
308
405
337
349
313
352
299
367
417
530
346
353
383
350
498
545
476
493
630
628
532
558
338
522
543
478
543
437
424
744
14 round of counting
450839
607105
223203
111364
103439
1554733
1254653
993325
2586438
4358288
3734643
8586486
10234247
16532003
9379937
21851909
30822258
21516177
31456433
16834547
4616434
90637288
4794207
94708207
2769538
56706323
5304935
115144732
1280079070
624376136
35912856
44711083
56286445
99074777
267098782
269993688
448252377
1286355493
1046884151
1089895976
900099682
61111527
77631937
807902637
780288637
836006345
369980684
166260624
912631397
56700950
15 round of counting
450453
606819
223116
111072
103221
1549263
1253094
993620
2583328
4358301
3736385
8582413
10230513
16529007
9379984
21849518
30823441
21516040
31459989
16836888
4622064
90746632
4799491
94796250
2777176
56771763
5312085
115297405
1280491555
624418967
35975985
44779713
56416766
99108815
267013845
270131237
448305260
1286478991
1047064958
1090060426
900134923
61198286
77847910
808287553
780367543
836337343
369967747
166307042
912822244
56799180
16 round of counting
452
431
254
231
227
307
361
373
402
521
488
493
521
702
494
1006
1383
820
1360
721
483
5791
516
7675
479
6253
514
41604
158311
77668
5422
36331
5052
39754
132533
164332
101777
132138
155387
115924
141395
39730
38719
167706
155423
215187
49921
24279
219894
8227
17 round of counting
275232
369795
123666
80195
70138
778411
567664
473021
1476612
2417416
1796316
3605666
4656169
7569500
3969197
9707651
13916640
8801374
14012067
7627365
1971700
34767272
2065826
34995842
1396755
28462400
2350030
42360268
346076626
180285449
23116722
30617213
28252329
49724804
90628853
101108841
165614046
347810618
320613406
299954016
279961059
30790533
36790262
266031658
255283432
275005859
140900693
67915906
291115947
28604627
18 round of counting
276652
369975
123751
80307
70193
780186
567750
474165
1478580
2421003
1801603
3608254
4661582
7565664
3971923
9702475
13917384
8803094
14014012
7628943
1971794
34775618
2065061
34984287
1394401
28421936
2348089
42363393
346229037
180363221
23078453
30609067
28248914
49783110
90777526
101286103
165708986
347939368
320754074
300121857
280095737
30830338
36823223
266174241
255469881
275218559
140969588
67917079
291357650
28587305
19 round of counting
113
93
77
80
91
98
108
109
162
197
174
217
260
425
189
564
757
439
834
350
176
3729
206
6423
157
6226
200
40618
154298
75169
3603
35613
5178
39726
129076
162424
96994
124270
158242
110386
138606
37758
37794
163136
152764
208533
49151
22347
215157
9386
20 round of counting
0
0
0
0
0
0
0
0
0
0
0
0
0
0
0
0
0
0
0
0
0
2
2
0
0
1
0
0
1
3
1
0
0
0
0
0
0
0
2
1
0
2
0
0
1
2
30
30
19
2
21 round of counting
0
0
0
0
0
0
0
0
0
0
0
0
0
0
1
0
0
0
0
0
0
0
0
0
0
0
0
0
0
0
0
0
0
0
0
0
0
0
1
0
1
0
0
0
0
1
10
4
3
0
22 round of counting
3
0
0
0
0
0
0
0
0
0
0
0
0
0
0
1
0
0
17
17
15
23
0
0
0
0
0
0
20
21
1
0
0
0
1
1
1
1
4
49
60
10
0
0
2
2
1
0
1
1
23 round of counting
30788
34304
17342
3262
2196
61971
190057
114933
247652
179950
528557
1530430
1352966
1939316
591174
2852080
4105734
2827053
4161566
2327320
468508
7719477
407604
7691132
119241
205480
614244
12966999
270295716
126984219
79100
79914
89776
7746675
22099817
28040481
56917934
270412883
199816439
225453032
171137587
3425381
8023649
118429122
115426101
142066189
39029628
10996258
167063633
125174
24 round of counting
0
0
0
1
0
1
2
0
4
5
4
8
10
18
8
23
33
21
35
17
4
40
4
43
2
21
6
68
1300
623
11
37
20
113
182
316
593
1298
1226
1111
1061
30
43
960
916
1039
536
281
1097
22
25 round of counting
22723
37926
22992
3188
5708
295366
140321
117827
245929
742855
386062
826073
1158904
2320572
2344481
2942857
3801049
3020404
4144909
2110985
817475
21479595
917784
23990210
536608
13927066
731956
21352184
207813223
99232234
3871764
2616677
13947562
12702804
66694380
52886159
89814023
211138422
182755314
179409333
155980324
9345685
8582713
162235341
156519695
153536469
79918944
38830541
161133216
13877834
26 round of counting
4021
4693
1951
43
34
12554
26230
16150
34121
26402
74355
211001
211169
284963
94391
420230
610681
427998
598068
343730
71163
1271324
63443
1273540
16243
23200
93130
2138852
38742733
17958860
2766
2700
5739
1262480
4102708
4577642
8213026
38581565
28336108
32199133
24283932
498167
1173262
16924101
16518355
20131226
5551456
1532579
23613657
5864
27 round of counting
63753
89769
51670
21357
21357
461005
270416
201906
611651
1336560
770000
1498654
2034771
3952429
3078977
4958674
6722121
4728437
7226972
3639664
1132390
24230337
1275855
26816806
715323
16630028
1186434
26009293
274727018
133118146
6487568
7744687
16592830
22880410
77206650
75281439
130655453
277604995
254454561
237620282
218599981
12842435
12847859
222658892
213979598
219069775
118469619
58647629
228071856
16642710
28 round of counting
87206
106484
32763
32760
32760
59588
57966
83167
57983
69970
152497
368618
395413
413174
156966
574602
728673
735236
724979
466679
350959
5135421
358729
5174481
266663
5133154
459538
7397719
12608643
12608565
5063599
12608479
5063602
12608482
6486306
9572692
12265744
12608596
12608677
12608576
12608658
6209083
7594183
12608729
12578489
12608765
6585564
3158123
12608766
5440846
29 round of counting
304060
311650
290278
99296
91519
1493895
1475870
864832
3762097
5585585
4462872
7513404
9074695
18354836
7467118
23231220
32990789
19800829
35910135
17133372
3198611
3503673
4057311
4799509
1196203
7534224
5544943
35456117
1092945448
532324458
7438157
49427605
6608557
137878050
100557887
315270643
634075283
1086314898
1173056407
944532897
1024524222
19945674
32493141
956312968
903882703
1039765700
591856444
349230766
1064222326
9076413
30 round of counting
6552
6405
2520
2520
2520
3630
5040
7560
5040
5355
14070
34965
31025
35658
13132
49110
59661
54042
67447
39540
23625
14490
24920
21000
9576
14112
41720
391538
1260000
1260000
2520
1260000
2520
1260000
239586
753984
1202850
1260000
1260000
1260000
1260000
193433
424283
1260000
1254960
1260000
657720
315000
1260000
65394
31 round of counting
22680
32760
7560
7560
7560
17640
12600
17640
12600
17640
32760
78120
103320
98280
37800
138600
183960
204120
158760
113400
103320
2522520
103320
2522520
103320
2522520
103320
2522520
2522520
2522520
2522520
2522520
2522520
2522520
2522520
2522520
2522520
2522520
2522520
2522520
2522520
2522520
2522520
2522520
2522520
2522520
1317960
632520
2522520
2522520
32 round of counting
6552
6405
2520
2520
2520
3630
5040
7560
5040
5355
14070
34965
31025
35658
13132
49110
59661
54042
67447
39540
23625
14490
24920
21000
9576
14112
41720
391538
1260000
1260000
2520
1260000
2520
1260000
239586
753984
1202850
1260000
1260000
1260000
1260000
193433
424283
1260000
1254960
1260000
657720
315000
1260000
65394
33 round of counting
6552
6405
2520
2520
2520
3630
5040
7560
5040
5355
14070
34965
31025
35658
13132
49110
59661
54042
67447
39540
23625
14490
24920
21000
9576
14112
41720
391538
1260000
1260000
2520
1260000
2520
1260000
239586
753984
1202850
1260000
1260000
1260000
1260000
193433
424283
1260000
1254960
1260000
657720
315000
1260000
65394
34 round of counting
35784
45570
12600
12600
12600
24900
22680
32760
22680
28350
60900
148050
165370
169596
64064
236820
303282
312204
293654
192480
150570
2551500
153160
2564520
122472
2550744
186760
3305596
5042520
5042520
2527560
5042520
2527560
5042520
3001692
4030488
4928220
5042520
5042520
5042520
5042520
2909386
3371086
5042520
5032440
5042520
2633400
1262520
5042520
2653308
35 round of counting
0
0
0
0
0
0
0
0
0
0
0
0
0
0
0
0
0
0
0
0
0
0
0
0
0
0
0
0
0
0
0
0
0
0
0
0
0
0
0
0
0
0
0
0
0
0
0
0
0
0
36 round of counting
35784
45570
12600
12600
12600
24900
22680
32760
22680
28350
60900
148050
165370
169596
64064
236820
303282
312204
293654
192480
150570
2551500
153160
2564520
122472
2550744
186760
3305596
5042520
5042520
2527560
5042520
2527560
5042520
3001692
4030488
4928220
5042520
5042520
5042520
5042520
2909386
3371086
5042520
5032440
5042520
2633400
1262520
5042520
2653308
